TN:t
SF:/Users/randyrau/Documents/github/decimal/src/s21_decimal_arithmetic.c
FN:4,s21_add
FNDA:7880,s21_add
FN:53,s21_sub
FNDA:4720,s21_sub
FN:57,s21_mul
FNDA:4801,s21_mul
FN:96,s21_div
FNDA:2000,s21_div
FN:160,s21_mod
FNDA:1600,s21_mod
FNF:5
FNH:5
DA:4,7880
DA:5,7880
DA:6,7880
DA:7,7880
DA:8,7880
DA:9,7880
DA:10,31520
DA:11,23640
DA:12,23640
DA:14,7880
DA:15,3200
DA:16,7880
DA:17,7880
DA:18,7880
DA:19,7880
DA:20,3940
DA:22,3940
DA:23,3064
DA:24,3064
DA:26,876
DA:27,876
DA:30,7880
DA:31,7880
DA:32,21686
DA:34,13806
DA:35,13806
DA:36,13806
DA:38,7880
DA:39,2281
DA:40,2281
DA:42,7880
DA:43,31520
DA:44,23640
DA:46,7880
DA:47,7880
DA:49,0
DA:51,7880
DA:53,4720
DA:54,4720
DA:55,4720
DA:57,4801
DA:58,4801
DA:59,4801
DA:60,4801
DA:62,4801
DA:63,4801
DA:64,4801
DA:65,4801
DA:66,4801
DA:67,308482
DA:68,303681
DA:69,149361
DA:71,303681
DA:72,303681
DA:74,4801
DA:75,94406
DA:77,89605
DA:78,89605
DA:79,89605
DA:81,4801
DA:82,1530
DA:83,1530
DA:85,4801
DA:86,19204
DA:87,14403
DA:89,4801
DA:90,4801
DA:92,0
DA:94,4801
DA:96,2000
DA:97,2000
DA:158,2000
DA:160,1600
DA:161,1600
DA:163,1600
LF:75
LH:73
end_of_record
TN:t
SF:/Users/randyrau/Documents/github/decimal/src/s21_decimal_comparioson.c
FN:3,s21_is_greater
FNDA:28,s21_is_greater
FN:27,s21_is_equal
FNDA:26,s21_is_equal
FN:47,s21_is_not_equal
FNDA:7,s21_is_not_equal
FN:50,s21_is_greater_or_equal
FNDA:14,s21_is_greater_or_equal
FN:53,s21_is_less
FNDA:7,s21_is_less
FN:56,s21_is_less_or_equal
FNDA:7,s21_is_less_or_equal
FNF:6
FNH:6
DA:3,28
DA:4,28
DA:5,28
DA:6,8
DA:8,20
DA:9,8
DA:10,12
DA:11,4
DA:13,8
DA:14,8
DA:15,8
DA:16,6
DA:17,8
DA:18,8
DA:19,8
DA:20,8
DA:21,8
DA:22,0
DA:25,28
DA:27,26
DA:28,26
DA:29,26
DA:30,8
DA:32,18
DA:33,8
DA:35,10
DA:36,10
DA:37,10
DA:38,3
DA:39,10
DA:40,10
DA:41,10
DA:42,10
DA:45,26
DA:47,7
DA:48,7
DA:50,14
DA:51,14
DA:53,7
DA:54,7
DA:56,7
DA:57,7
LF:42
LH:41
end_of_record
TN:t
SF:/Users/randyrau/Documents/github/decimal/src/s21_decimal_conversion.c
FN:5,s21_from_int_to_decimal
FNDA:202,s21_from_int_to_decimal
FN:13,s21_from_decimal_to_int
FNDA:350,s21_from_decimal_to_int
FN:26,s21_from_decimal_to_float
FNDA:2200,s21_from_decimal_to_float
FN:43,s21_from_float_to_decimal
FNDA:2280,s21_from_float_to_decimal
FNF:4
FNH:4
DA:5,202
DA:6,1010
DA:7,808
DA:8,202
DA:10,202
DA:11,202
DA:13,350
DA:14,350
DA:15,350
DA:17,350
DA:18,350
DA:19,0
DA:21,922
DA:22,350
DA:24,350
DA:26,2200
DA:27,2200
DA:28,2200
DA:29,0
DA:30,0
DA:32,2200
DA:33,0
DA:34,0
DA:35,0
DA:37,2200
DA:38,2200
DA:40,2200
DA:41,2200
DA:43,2280
DA:44,2280
DA:45,11400
DA:46,9120
DA:48,2280
DA:49,2280
DA:50,2
DA:51,0
DA:55,2278
DA:56,2278
DA:57,2278
DA:59,2278
DA:60,21644
DA:61,21644
DA:62,2278
DA:63,2278
DA:65,19366
DA:66,17088
DA:67,17088
DA:70,2278
DA:71,2278
DA:72,2278
DA:73,2278
DA:74,2278
DA:75,2278
DA:76,2278
DA:77,2278
DA:78,2278
DA:79,0
DA:80,0
DA:81,0
DA:83,2278
DA:84,0
DA:85,0
DA:87,3139
DA:88,861
DA:89,861
DA:90,861
DA:92,2278
DA:93,1142
DA:95,2278
DA:97,2280
LF:70
LH:58
end_of_record
TN:t
SF:/Users/randyrau/Documents/github/decimal/src/s21_decimal_other.c
FN:3,s21_negate
FNDA:4741,s21_negate
FN:11,s21_truncate
FNDA:470,s21_truncate
FN:21,s21_round
FNDA:40,s21_round
FN:41,s21_floor
FNDA:40,s21_floor
FNF:4
FNH:4
DA:3,4741
DA:4,23705
DA:5,18964
DA:7,4741
DA:8,4741
DA:9,4741
DA:11,470
DA:12,2350
DA:13,1880
DA:15,470
DA:16,470
DA:17,470
DA:19,470
DA:21,40
DA:22,200
DA:23,160
DA:25,40
DA:26,40
DA:27,40
DA:28,1120
DA:29,1080
DA:31,40
DA:33,40
DA:34,40
DA:35,20
DA:39,40
DA:41,40
DA:42,40
DA:43,40
DA:44,20
DA:45,20
DA:47,20
DA:50,40
LF:33
LH:33
end_of_record
TN:t
SF:/Users/randyrau/Documents/github/decimal/src/s21_decimal_utilitary.c
FN:4,s21_div10
FNDA:0,s21_div10
FN:20,s21_negate_data
FNDA:3940,s21_negate_data
FN:30,s21_data_add
FNDA:464733,s21_data_add
FN:39,s21_data_sub
FNDA:0,s21_data_sub
FN:54,s21_mod10mem
FNDA:104272,s21_mod10mem
FN:69,s21_div10mem
FNDA:103411,s21_div10mem
FN:82,s21_set_scale
FNDA:14959,s21_set_scale
FN:87,s21_div2mem
FNDA:303681,s21_div2mem
FN:100,s21_get_sign
FNDA:33350,s21_get_sign
FN:101,s21_get_scale
FNDA:51292,s21_get_scale
FN:102,s21_set_sign
FNDA:0,s21_set_sign
FN:104,s21_divide_by_integer
FNDA:5560,s21_divide_by_integer
FN:119,s21_modulo_by_integer
FNDA:40,s21_modulo_by_integer
FN:132,s21_add_integer
FNDA:40,s21_add_integer
FN:150,s21_divide_by_power_of_10
FNDA:470,s21_divide_by_power_of_10
FN:160,s21_get_exponent
FNDA:510,s21_get_exponent
FN:166,s21_decimal_deserialize
FNDA:54258,s21_decimal_deserialize
FN:169,s21_decimal_serialize
FNDA:18702,s21_decimal_serialize
FN:173,s21_data_eq
FNDA:10,s21_data_eq
FN:181,s21_data_gt
FNDA:3948,s21_data_gt
FN:196,s21_multiply_by_integer_mem
FNDA:14966,s21_multiply_by_integer_mem
FN:218,s21_mul10mem
FNDA:861,s21_mul10mem
FN:222,s21_to_scale
FNDA:15796,s21_to_scale
FN:234,s21_is_null
FNDA:70,s21_is_null
FNF:24
FNH:21
DA:4,0
DA:5,0
DA:6,0
DA:7,0
DA:8,0
DA:10,0
DA:11,0
DA:12,0
DA:13,0
DA:14,0
DA:17,0
DA:20,3940
DA:21,27580
DA:22,23640
DA:23,3940
DA:24,27580
DA:25,23640
DA:26,23640
DA:27,23640
DA:29,3940
DA:30,464733
DA:32,464733
DA:33,3253131
DA:34,2788398
DA:35,2788398
DA:36,2788398
DA:38,464733
DA:39,0
DA:40,0
DA:41,0
DA:42,0
DA:43,0
DA:44,0
DA:45,0
DA:47,0
DA:48,0
DA:49,0
DA:50,0
DA:51,0
DA:53,0
DA:54,104272
DA:55,104272
DA:56,104272
DA:57,104272
DA:58,104272
DA:59,727321
DA:60,623049
DA:61,623049
DA:62,623049
DA:63,623049
DA:64,623049
DA:66,104272
DA:69,103411
DA:70,103411
DA:71,103411
DA:72,103411
DA:73,723877
DA:74,620466
DA:75,620466
DA:76,620466
DA:77,620466
DA:78,620466
DA:80,103411
DA:82,14959
DA:84,14959
DA:85,14959
DA:87,303681
DA:88,303681
DA:89,303681
DA:90,303681
DA:91,2125767
DA:92,1822086
DA:93,1822086
DA:94,1822086
DA:95,1822086
DA:96,1822086
DA:98,303681
DA:100,33350
DA:101,51292
DA:102,0
DA:104,5560
DA:105,5560
DA:106,5560
DA:107,5560
DA:108,22240
DA:110,16680
DA:111,16680
DA:112,16680
DA:113,16680
DA:114,16680
DA:116,5560
DA:119,40
DA:120,40
DA:121,40
DA:122,40
DA:123,160
DA:125,120
DA:126,120
DA:127,120
DA:129,40
DA:132,40
DA:133,40
DA:134,40
DA:135,160
DA:136,120
DA:137,120
DA:138,120
DA:140,40
DA:141,200
DA:142,160
DA:145,0
DA:147,40
DA:150,470
DA:152,470
DA:153,4950
DA:154,4480
DA:155,4480
DA:158,470
DA:160,510
DA:161,510
DA:163,510
DA:166,54258
DA:167,54258
DA:169,18702
DA:170,18702
DA:173,10
DA:174,10
DA:175,70
DA:176,60
DA:178,10
DA:181,3948
DA:182,3948
DA:183,3948
DA:184,17634
DA:185,13686
DA:186,3064
DA:187,3064
DA:188,10622
DA:189,836
DA:190,836
DA:193,3948
DA:196,14966
DA:197,14966
DA:198,14966
DA:199,104762
DA:200,89796
DA:202,104762
DA:203,89796
DA:205,14966
DA:206,14966
DA:207,104762
DA:208,89796
DA:209,89796
DA:210,89796
DA:212,104762
DA:213,89796
DA:215,14966
DA:218,861
DA:219,861
DA:222,15796
DA:223,110572
DA:224,94776
DA:226,63184
DA:227,47388
DA:229,29901
DA:230,14105
DA:232,15796
DA:234,70
DA:235,70
LF:169
LH:143
end_of_record
TN:t
SF:/Users/randyrau/Documents/github/decimal/src/test.c
FN:12,s21_add_test_fn
FNDA:1,s21_add_test_fn
FN:39,s21_sub_test_fn
FNDA:1,s21_sub_test_fn
FN:65,s21_mul_test_fn
FNDA:1,s21_mul_test_fn
FN:91,s21_div_test_fn
FNDA:1,s21_div_test_fn
FN:117,s21_mod_test_fn
FNDA:1,s21_mod_test_fn
FN:147,s21_is_equal_test_fn
FNDA:1,s21_is_equal_test_fn
FN:172,s21_is_greater_test_fn
FNDA:1,s21_is_greater_test_fn
FN:199,s21_is_less_test_fn
FNDA:1,s21_is_less_test_fn
FN:224,s21_is_not_equal_test_fn
FNDA:1,s21_is_not_equal_test_fn
FN:249,s21_is_greater_or_equal_test_fn
FNDA:1,s21_is_greater_or_equal_test_fn
FN:274,s21_is_less_or_equal_test_fn
FNDA:1,s21_is_less_or_equal_test_fn
FN:300,s21_from_decimal_to_int_test_fn
FNDA:1,s21_from_decimal_to_int_test_fn
FN:326,s21_from_int_to_decimal_test_fn
FNDA:1,s21_from_int_to_decimal_test_fn
FN:352,s21_from_decimal_to_float_test_fn
FNDA:1,s21_from_decimal_to_float_test_fn
FN:378,s21_from_float_to_decimal_test_fn
FNDA:1,s21_from_float_to_decimal_test_fn
FN:407,s21_truncate_test_fn
FNDA:1,s21_truncate_test_fn
FN:430,s21_negate_test_fn
FNDA:1,s21_negate_test_fn
FN:453,s21_floor_test_fn
FNDA:1,s21_floor_test_fn
FN:476,s21_round_test_fn
FNDA:1,s21_round_test_fn
FN:498,main
FNDA:20,main
FNF:20
FNH:20
DA:12,1
DA:15,1
DA:18,1
DA:24,6321
DA:25,3160
DA:26,3160
DA:30,3160
DA:34,1
DA:36,1
DA:39,1
DA:43,1
DA:47,1
DA:50,9441
DA:51,4720
DA:52,4720
DA:56,4720
DA:60,1
DA:62,1
DA:65,1
DA:68,1
DA:71,1
DA:77,9603
DA:78,4801
DA:79,4801
DA:83,4801
DA:87,1
DA:88,1
DA:91,1
DA:94,1
DA:97,1
DA:103,4001
DA:104,2000
DA:105,2000
DA:109,2000
DA:113,1
DA:114,1
DA:117,1
DA:120,1
DA:123,1
DA:129,3201
DA:130,1600
DA:131,1600
DA:135,1600
DA:139,1
DA:144,1
DA:147,1
DA:150,1
DA:153,1
DA:157,15
DA:158,7
DA:162,7
DA:163,7
DA:167,1
DA:169,1
DA:172,1
DA:175,1
DA:178,1
DA:182,15
DA:183,7
DA:187,7
DA:188,7
DA:192,1
DA:196,1
DA:199,1
DA:202,1
DA:205,1
DA:209,15
DA:210,7
DA:214,7
DA:215,7
DA:219,1
DA:221,1
DA:224,1
DA:227,1
DA:230,1
DA:234,15
DA:235,7
DA:239,7
DA:240,7
DA:244,1
DA:246,1
DA:249,1
DA:252,1
DA:255,1
DA:259,15
DA:260,7
DA:264,7
DA:265,7
DA:269,1
DA:271,1
DA:274,1
DA:277,1
DA:280,1
DA:284,15
DA:285,7
DA:289,7
DA:290,7
DA:294,1
DA:297,1
DA:300,1
DA:303,1
DA:306,1
DA:309,1
DA:310,351
DA:311,350
DA:316,350
DA:317,350
DA:321,1
DA:323,1
DA:326,1
DA:329,1
DA:332,1
DA:337,203
DA:338,202
DA:343,202
DA:347,1
DA:349,1
DA:352,1
DA:355,1
DA:358,1
DA:361,1
DA:362,2201
DA:363,2200
DA:368,2200
DA:369,2200
DA:373,1
DA:375,1
DA:378,1
DA:381,1
DA:384,1
DA:389,2281
DA:390,2280
DA:395,2280
DA:399,1
DA:404,1
DA:407,1
DA:409,1
DA:411,1
DA:416,41
DA:417,40
DA:421,40
DA:425,1
DA:427,1
DA:430,1
DA:432,1
DA:434,1
DA:439,22
DA:440,21
DA:444,21
DA:448,1
DA:450,1
DA:453,1
DA:455,1
DA:457,1
DA:462,41
DA:463,40
DA:467,40
DA:471,1
DA:473,1
DA:476,1
DA:478,1
DA:480,1
DA:485,41
DA:486,40
DA:490,40
DA:494,1
DA:495,1
DA:498,20
DA:500,20
DA:501,20
DA:502,20
DA:505,20
DA:506,20
DA:507,20
DA:508,20
DA:509,20
DA:510,20
DA:511,20
DA:512,20
DA:513,20
DA:514,20
DA:515,20
DA:516,20
DA:517,20
DA:518,20
DA:519,20
DA:520,20
DA:521,20
DA:522,20
DA:523,20
DA:524,20
DA:526,20
DA:527,1
DA:528,1
DA:530,1
LF:195
LH:195
end_of_record
